<?xml version="1.0" encoding="UTF-8"?>
<!-- Generated by org.testng.reporters.JUnitReportReporter -->
<testsuite skipped="0" hostname="DESKTOP-7CVOQGE" name="com.flipkart.products.Remo" tests="1" failures="0" timestamp="2021-02-26T14:09:24 IST" time="0.006" errors="0">
  <testcase name="testMethod" time="0.006" classname="com.flipkart.products.Remo"/>
  <system-out>
Remo Running Succesffully  </system-out>
</testsuite> <!-- com.flipkart.products.Remo -->
